<?xml version="1.0" encoding="UTF-8"?>
<!-- Generated by org.testng.reporters.JUnitReportReporter -->
<testsuite hostname="DESKTOP-4DLILMI" failures="0" tests="1" name="org.test.FacebookInvalidCredentialsTest" time="8.088" errors="0" timestamp="2024-02-10T10:13:57 IST" skipped="0">
  <testcase classname="org.test.FacebookInvalidCredentialsTest" name="invalidLoginCredentials" time="8.088"/>
</testsuite> <!-- org.test.FacebookInvalidCredentialsTest -->
