<?xml version="1.0" encoding="UTF-8"?>
<!-- Generated by org.testng.reporters.JUnitReportReporter -->
<testsuite hostname="DESKTOP-4DLILMI" failures="0" tests="5" name="org.test.AdactinOrderConfirmationTest" time="36.881" errors="0" timestamp="2024-02-10T10:13:57 IST" skipped="0">
  <testcase classname="org.test.AdactinOrderConfirmationTest" name="loginTest" time="13.145"/>
  <testcase classname="org.test.AdactinOrderConfirmationTest" name="bookingConfirmation" time="1.045"/>
  <testcase classname="org.test.AdactinOrderConfirmationTest" name="searchHotelTest" time="4.260"/>
  <testcase classname="org.test.AdactinOrderConfirmationTest" name="selectHotel" time="12.115"/>
  <testcase classname="org.test.AdactinOrderConfirmationTest" name="bookHotel" time="6.316"/>
</testsuite> <!-- org.test.AdactinOrderConfirmationTest -->
